<?xml version="1.0" encoding="UTF-8"?>
<!-- Generated by org.testng.reporters.JUnitReportReporter -->
<testsuite hostname="DESKTOP-DFEV0VQ" failures="0" tests="15" name="XMLMultiplication" time="0.007" errors="0" timestamp="10 Jan 2021 08:20:20 GMT">
  <testcase classname="XMLMultiplication" name="testCase" time="0.001"/>
  <testcase classname="XMLMultiplication" name="testCase" time="0.000"/>
  <testcase classname="XMLMultiplication" name="testCase" time="0.000"/>
  <testcase classname="XMLMultiplication" name="testCase" time="0.000"/>
  <testcase classname="XMLMultiplication" name="testCase" time="0.000"/>
  <testcase classname="XMLMultiplication" name="testCase" time="0.000"/>
  <testcase classname="XMLMultiplication" name="testCase" time="0.006"/>
  <testcase classname="XMLMultiplication" name="testCase" time="0.000"/>
  <testcase classname="XMLMultiplication" name="testCase" time="0.000"/>
  <testcase classname="XMLMultiplication" name="testCase" time="0.000"/>
  <testcase classname="XMLMultiplication" name="testCase" time="0.000"/>
  <testcase classname="XMLMultiplication" name="testCase" time="0.000"/>
  <testcase classname="XMLMultiplication" name="testCase" time="0.000"/>
  <testcase classname="XMLMultiplication" name="testCase" time="0.000"/>
  <testcase classname="XMLMultiplication" name="testCase" time="0.000"/>
</testsuite>
