<?xml version="1.0" encoding="UTF-8"?>
<!-- Generated by org.testng.reporters.JUnitReportReporter -->
<testsuite hostname="DESKTOP-DFEV0VQ" failures="0" tests="25" name="XMLSquare" time="0.007" errors="0" timestamp="10 Jan 2021 08:44:56 GMT">
  <testcase classname="XMLSquare" name="testCase" time="0.000"/>
  <testcase classname="XMLSquare" name="testCase" time="0.000"/>
  <testcase classname="XMLSquare" name="testCase" time="0.000"/>
  <testcase classname="XMLSquare" name="testCase" time="0.000"/>
  <testcase classname="XMLSquare" name="testCase" time="0.000"/>
  <testcase classname="XMLSquare" name="testCase" time="0.000"/>
  <testcase classname="XMLSquare" name="testCase" time="0.001"/>
  <testcase classname="XMLSquare" name="testCase" time="0.000"/>
  <testcase classname="XMLSquare" name="testCase" time="0.000"/>
  <testcase classname="XMLSquare" name="testCase" time="0.000"/>
  <testcase classname="XMLSquare" name="testCase" time="0.000"/>
  <testcase classname="XMLSquare" name="testCase" time="0.000"/>
  <testcase classname="XMLSquare" name="testCase" time="0.000"/>
  <testcase classname="XMLSquare" name="testCase" time="0.000"/>
  <testcase classname="XMLSquare" name="testCase" time="0.000"/>
  <testcase classname="XMLSquare" name="testCase" time="0.001"/>
  <testcase classname="XMLSquare" name="testCase" time="0.000"/>
  <testcase classname="XMLSquare" name="testCase" time="0.000"/>
  <testcase classname="XMLSquare" name="testCase" time="0.005"/>
  <testcase classname="XMLSquare" name="testCase" time="0.000"/>
  <testcase classname="XMLSquare" name="testCase" time="0.000"/>
  <testcase classname="XMLSquare" name="testCase" time="0.000"/>
  <testcase classname="XMLSquare" name="testCase" time="0.000"/>
  <testcase classname="XMLSquare" name="testCase" time="0.000"/>
  <testcase classname="XMLSquare" name="testCase" time="0.000"/>
</testsuite>
