<?xml version="1.0" encoding="UTF-8"?>
<!-- Generated by org.testng.reporters.JUnitReportReporter -->
<testsuite hostname="DESKTOP-DFEV0VQ" failures="0" tests="5" name="AdditionTest" time="0.005" errors="0" timestamp="10 Jan 2021 07:49:32 GMT">
  <testcase classname="AdditionTest" name="testCase" time="0.000"/>
  <testcase classname="AdditionTest" name="testCase" time="0.000"/>
  <testcase classname="AdditionTest" name="testCase" time="0.000"/>
  <testcase classname="AdditionTest" name="testCase" time="0.000"/>
  <testcase classname="AdditionTest" name="testCase" time="0.005"/>
</testsuite>
