<?xml version="1.0" encoding="UTF-8"?>
<!-- Generated by org.testng.reporters.JUnitReportReporter -->
<testsuite hostname="DESKTOP-DFEV0VQ" failures="0" tests="32" name="XMLDivision" time="0.011" errors="0" timestamp="10 Jan 2021 08:34:13 GMT">
  <testcase classname="XMLDivision" name="testCase" time="0.005"/>
  <testcase classname="XMLDivision" name="testException" time="0.000"/>
  <testcase classname="XMLDivision" name="testException" time="0.001"/>
  <testcase classname="XMLDivision" name="testCase" time="0.000"/>
  <testcase classname="XMLDivision" name="testException" time="0.000"/>
  <testcase classname="XMLDivision" name="testCase" time="0.001"/>
  <testcase classname="XMLDivision" name="testException" time="0.000"/>
  <testcase classname="XMLDivision" name="testException" time="0.000"/>
  <testcase classname="XMLDivision" name="testCase" time="0.000"/>
  <testcase classname="XMLDivision" name="testException" time="0.000"/>
  <testcase classname="XMLDivision" name="testException" time="0.000"/>
  <testcase classname="XMLDivision" name="testCase" time="0.000"/>
  <testcase classname="XMLDivision" name="testException" time="0.001"/>
  <testcase classname="XMLDivision" name="testException" time="0.000"/>
  <testcase classname="XMLDivision" name="testException" time="0.000"/>
  <testcase classname="XMLDivision" name="testException" time="0.000"/>
  <testcase classname="XMLDivision" name="testCase" time="0.000"/>
  <testcase classname="XMLDivision" name="testCase" time="0.000"/>
  <testcase classname="XMLDivision" name="testCase" time="0.001"/>
  <testcase classname="XMLDivision" name="testException" time="0.000"/>
  <testcase classname="XMLDivision" name="testException" time="0.001"/>
  <testcase classname="XMLDivision" name="testCase" time="0.000"/>
  <testcase classname="XMLDivision" name="testException" time="0.000"/>
  <testcase classname="XMLDivision" name="testCase" time="0.000"/>
  <testcase classname="XMLDivision" name="testCase" time="0.001"/>
  <testcase classname="XMLDivision" name="testCase" time="0.000"/>
  <testcase classname="XMLDivision" name="testException" time="0.000"/>
  <testcase classname="XMLDivision" name="testCase" time="0.000"/>
  <testcase classname="XMLDivision" name="testCase" time="0.000"/>
  <testcase classname="XMLDivision" name="testCase" time="0.000"/>
  <testcase classname="XMLDivision" name="testException" time="0.000"/>
  <testcase classname="XMLDivision" name="testCase" time="0.000"/>
</testsuite>
