<?xml version="1.0" encoding="UTF-8"?>
<!-- Generated by org.testng.reporters.JUnitReportReporter -->
<testsuite hostname="DESKTOP-DFEV0VQ" failures="0" tests="10" name="XMLSubtraction" time="0.006" errors="0" timestamp="10 Jan 2021 08:16:24 GMT">
  <testcase classname="XMLSubtraction" name="testCase" time="0.005"/>
  <testcase classname="XMLSubtraction" name="testCase" time="0.000"/>
  <testcase classname="XMLSubtraction" name="testCase" time="0.000"/>
  <testcase classname="XMLSubtraction" name="testCase" time="0.000"/>
  <testcase classname="XMLSubtraction" name="testCase" time="0.000"/>
  <testcase classname="XMLSubtraction" name="testCase" time="0.000"/>
  <testcase classname="XMLSubtraction" name="testCase" time="0.001"/>
  <testcase classname="XMLSubtraction" name="testCase" time="0.000"/>
  <testcase classname="XMLSubtraction" name="testCase" time="0.000"/>
  <testcase classname="XMLSubtraction" name="testCase" time="0.000"/>
</testsuite>
